[1.231s] Invoking command in '/home/ezra/Desktop/learning-week-subsriber-publisher/ros2_ws/src/py_pubsub': PYTHONPATH=/home/ezra/Desktop/learning-week-subsriber-publisher/ros2_ws/build/py_pubsub/prefix_override:/usr/lib/python3/dist-packages/colcon_core/task/python/colcon_distutils_commands:/home/ezra/Desktop/learning-week-subsriber-publisher/ros2_ws/install/py_pubsub/lib/python3.12/site-packages:${PYTHONPATH} /usr/bin/python3 -W ignore:setup.py install is deprecated -W ignore:easy_install command is deprecated setup.py egg_info --egg-base ../../build/py_pubsub build --build-base /home/ezra/Desktop/learning-week-subsriber-publisher/ros2_ws/build/py_pubsub/build install --record /home/ezra/Desktop/learning-week-subsriber-publisher/ros2_ws/build/py_pubsub/install.log --single-version-externally-managed install_data
[1.617s] running egg_info
[1.618s] creating ../../build/py_pubsub/py_pubsub.egg-info
[1.647s] writing ../../build/py_pubsub/py_pubsub.egg-info/PKG-INFO
[1.647s] writing dependency_links to ../../build/py_pubsub/py_pubsub.egg-info/dependency_links.txt
[1.647s] writing entry points to ../../build/py_pubsub/py_pubsub.egg-info/entry_points.txt
[1.647s] writing requirements to ../../build/py_pubsub/py_pubsub.egg-info/requires.txt
[1.647s] writing top-level names to ../../build/py_pubsub/py_pubsub.egg-info/top_level.txt
[1.648s] writing manifest file '../../build/py_pubsub/py_pubsub.egg-info/SOURCES.txt'
[1.707s] reading manifest file '../../build/py_pubsub/py_pubsub.egg-info/SOURCES.txt'
[1.708s] writing manifest file '../../build/py_pubsub/py_pubsub.egg-info/SOURCES.txt'
[1.708s] running build
[1.709s] running build_py
[1.709s] creating /home/ezra/Desktop/learning-week-subsriber-publisher/ros2_ws/build/py_pubsub/build
[1.709s] creating /home/ezra/Desktop/learning-week-subsriber-publisher/ros2_ws/build/py_pubsub/build/lib
[1.709s] creating /home/ezra/Desktop/learning-week-subsriber-publisher/ros2_ws/build/py_pubsub/build/lib/py_pubsub
[1.709s] copying py_pubsub/subscriber.py -> /home/ezra/Desktop/learning-week-subsriber-publisher/ros2_ws/build/py_pubsub/build/lib/py_pubsub
[1.709s] copying py_pubsub/__init__.py -> /home/ezra/Desktop/learning-week-subsriber-publisher/ros2_ws/build/py_pubsub/build/lib/py_pubsub
[1.709s] copying py_pubsub/publisher.py -> /home/ezra/Desktop/learning-week-subsriber-publisher/ros2_ws/build/py_pubsub/build/lib/py_pubsub
[1.709s] running install
[1.718s] running install_lib
[1.748s] creating /home/ezra/Desktop/learning-week-subsriber-publisher/ros2_ws/install/py_pubsub/lib/python3.12/site-packages/py_pubsub
[1.749s] copying /home/ezra/Desktop/learning-week-subsriber-publisher/ros2_ws/build/py_pubsub/build/lib/py_pubsub/subscriber.py -> /home/ezra/Desktop/learning-week-subsriber-publisher/ros2_ws/install/py_pubsub/lib/python3.12/site-packages/py_pubsub
[1.749s] copying /home/ezra/Desktop/learning-week-subsriber-publisher/ros2_ws/build/py_pubsub/build/lib/py_pubsub/__init__.py -> /home/ezra/Desktop/learning-week-subsriber-publisher/ros2_ws/install/py_pubsub/lib/python3.12/site-packages/py_pubsub
[1.749s] copying /home/ezra/Desktop/learning-week-subsriber-publisher/ros2_ws/build/py_pubsub/build/lib/py_pubsub/publisher.py -> /home/ezra/Desktop/learning-week-subsriber-publisher/ros2_ws/install/py_pubsub/lib/python3.12/site-packages/py_pubsub
[1.749s] byte-compiling /home/ezra/Desktop/learning-week-subsriber-publisher/ros2_ws/install/py_pubsub/lib/python3.12/site-packages/py_pubsub/subscriber.py to subscriber.cpython-312.pyc
[1.750s] byte-compiling /home/ezra/Desktop/learning-week-subsriber-publisher/ros2_ws/install/py_pubsub/lib/python3.12/site-packages/py_pubsub/__init__.py to __init__.cpython-312.pyc
[1.750s] byte-compiling /home/ezra/Desktop/learning-week-subsriber-publisher/ros2_ws/install/py_pubsub/lib/python3.12/site-packages/py_pubsub/publisher.py to publisher.cpython-312.pyc
[1.750s] running install_data
[1.751s] creating /home/ezra/Desktop/learning-week-subsriber-publisher/ros2_ws/install/py_pubsub/share/ament_index
[1.751s] creating /home/ezra/Desktop/learning-week-subsriber-publisher/ros2_ws/install/py_pubsub/share/ament_index/resource_index
[1.751s] creating /home/ezra/Desktop/learning-week-subsriber-publisher/ros2_ws/install/py_pubsub/share/ament_index/resource_index/packages
[1.751s] copying resource/py_pubsub -> /home/ezra/Desktop/learning-week-subsriber-publisher/ros2_ws/install/py_pubsub/share/ament_index/resource_index/packages
[1.751s] copying package.xml -> /home/ezra/Desktop/learning-week-subsriber-publisher/ros2_ws/install/py_pubsub/share/py_pubsub
[1.751s] running install_egg_info
[1.783s] Copying ../../build/py_pubsub/py_pubsub.egg-info to /home/ezra/Desktop/learning-week-subsriber-publisher/ros2_ws/install/py_pubsub/lib/python3.12/site-packages/py_pubsub-0.0.0-py3.12.egg-info
[1.784s] running install_scripts
[1.975s] Installing listener script to /home/ezra/Desktop/learning-week-subsriber-publisher/ros2_ws/install/py_pubsub/lib/py_pubsub
[1.975s] Installing talker script to /home/ezra/Desktop/learning-week-subsriber-publisher/ros2_ws/install/py_pubsub/lib/py_pubsub
[1.975s] writing list of installed files to '/home/ezra/Desktop/learning-week-subsriber-publisher/ros2_ws/build/py_pubsub/install.log'
[2.011s] Invoked command in '/home/ezra/Desktop/learning-week-subsriber-publisher/ros2_ws/src/py_pubsub' returned '0': PYTHONPATH=/home/ezra/Desktop/learning-week-subsriber-publisher/ros2_ws/build/py_pubsub/prefix_override:/usr/lib/python3/dist-packages/colcon_core/task/python/colcon_distutils_commands:/home/ezra/Desktop/learning-week-subsriber-publisher/ros2_ws/install/py_pubsub/lib/python3.12/site-packages:${PYTHONPATH} /usr/bin/python3 -W ignore:setup.py install is deprecated -W ignore:easy_install command is deprecated setup.py egg_info --egg-base ../../build/py_pubsub build --build-base /home/ezra/Desktop/learning-week-subsriber-publisher/ros2_ws/build/py_pubsub/build install --record /home/ezra/Desktop/learning-week-subsriber-publisher/ros2_ws/build/py_pubsub/install.log --single-version-externally-managed install_data
